{"/home/finato/EvalloTask/backend/config/constants.js": {"path":"/home/finato/EvalloTask/backend/config/constants.js","statementMap":{"0":{"start":{"line":1,"column":0},"end":{"line":1,"column":27}},"1":{"start":{"line":11,"column":4},"end":{"line":11,"column":15}},"2":{"start":{"line":13,"column":0},"end":{"line":22,"column":2}}},"fnMap":{},"branchMap":{"0":{"loc":{"start":{"line":4,"column":2},"end":{"line":4,"column":13}},"type":"default-arg","locations":[{"start":{"line":4,"column":9},"end":{"line":4,"column":13}}],"line":4},"1":{"loc":{"start":{"line":5,"column":2},"end":{"line":5,"column":26}},"type":"default-arg","locations":[{"start":{"line":5,"column":13},"end":{"line":5,"column":26}}],"line":5},"2":{"loc":{"start":{"line":6,"column":2},"end":{"line":6,"column":39}},"type":"default-arg","locations":[{"start":{"line":6,"column":25},"end":{"line":6,"column":39}}],"line":6},"3":{"loc":{"start":{"line":7,"column":2},"end":{"line":7,"column":22}},"type":"default-arg","locations":[{"start":{"line":7,"column":19},"end":{"line":7,"column":22}}],"line":7},"4":{"loc":{"start":{"line":8,"column":2},"end":{"line":8,"column":20}},"type":"default-arg","locations":[{"start":{"line":8,"column":14},"end":{"line":8,"column":20}}],"line":8},"5":{"loc":{"start":{"line":9,"column":2},"end":{"line":9,"column":21}},"type":"default-arg","locations":[{"start":{"line":9,"column":13},"end":{"line":9,"column":21}}],"line":9},"6":{"loc":{"start":{"line":10,"column":2},"end":{"line":10,"column":25}},"type":"default-arg","locations":[{"start":{"line":10,"column":14},"end":{"line":10,"column":25}}],"line":10}},"s":{"0":1,"1":1,"2":1},"f":{},"b":{"0":[0],"1":[0],"2":[0],"3":[0],"4":[0],"5":[1],"6":[1]},"_coverageSchema":"1a1c01bbd47fc00a2c39e90264f33305004495a9","hash":"42293cfc8b9c8f60ffcdc7eacb0f0d1130a4556e"}
,"/home/finato/EvalloTask/backend/utils/fileStorage.js": {"path":"/home/finato/EvalloTask/backend/utils/fileStorage.js","statementMap":{"0":{"start":{"line":1,"column":11},"end":{"line":1,"column":33}},"1":{"start":{"line":2,"column":23},"end":{"line":2,"column":38}},"2":{"start":{"line":3,"column":37},"end":{"line":3,"column":67}},"3":{"start":{"line":6,"column":22},"end":{"line":14,"column":1}},"4":{"start":{"line":7,"column":2},"end":{"line":13,"column":3}},"5":{"start":{"line":8,"column":4},"end":{"line":8,"column":50}},"6":{"start":{"line":10,"column":4},"end":{"line":12,"column":5}},"7":{"start":{"line":11,"column":6},"end":{"line":11,"column":18}},"8":{"start":{"line":17,"column":21},"end":{"line":24,"column":1}},"9":{"start":{"line":18,"column":2},"end":{"line":18,"column":24}},"10":{"start":{"line":19,"column":2},"end":{"line":23,"column":3}},"11":{"start":{"line":20,"column":4},"end":{"line":20,"column":36}},"12":{"start":{"line":22,"column":4},"end":{"line":22,"column":76}},"13":{"start":{"line":27,"column":17},"end":{"line":36,"column":1}},"14":{"start":{"line":28,"column":2},"end":{"line":35,"column":3}},"15":{"start":{"line":29,"column":4},"end":{"line":29,"column":25}},"16":{"start":{"line":30,"column":17},"end":{"line":30,"column":58}},"17":{"start":{"line":31,"column":4},"end":{"line":31,"column":28}},"18":{"start":{"line":33,"column":4},"end":{"line":33,"column":53}},"19":{"start":{"line":34,"column":4},"end":{"line":34,"column":16}},"20":{"start":{"line":39,"column":18},"end":{"line":46,"column":1}},"21":{"start":{"line":40,"column":2},"end":{"line":45,"column":3}},"22":{"start":{"line":41,"column":4},"end":{"line":41,"column":78}},"23":{"start":{"line":43,"column":4},"end":{"line":43,"column":56}},"24":{"start":{"line":44,"column":4},"end":{"line":44,"column":16}},"25":{"start":{"line":49,"column":15},"end":{"line":60,"column":1}},"26":{"start":{"line":50,"column":15},"end":{"line":50,"column":31}},"27":{"start":{"line":51,"column":17},"end":{"line":56,"column":3}},"28":{"start":{"line":57,"column":2},"end":{"line":57,"column":20}},"29":{"start":{"line":58,"column":2},"end":{"line":58,"column":24}},"30":{"start":{"line":59,"column":2},"end":{"line":59,"column":16}},"31":{"start":{"line":63,"column":18},"end":{"line":115,"column":1}},"32":{"start":{"line":64,"column":13},"end":{"line":64,"column":29}},"33":{"start":{"line":67,"column":2},"end":{"line":69,"column":3}},"34":{"start":{"line":68,"column":4},"end":{"line":68,"column":59}},"35":{"start":{"line":68,"column":30},"end":{"line":68,"column":57}},"36":{"start":{"line":71,"column":2},"end":{"line":73,"column":3}},"37":{"start":{"line":72,"column":4},"end":{"line":72,"column":69}},"38":{"start":{"line":72,"column":30},"end":{"line":72,"column":67}},"39":{"start":{"line":75,"column":2},"end":{"line":77,"column":3}},"40":{"start":{"line":76,"column":4},"end":{"line":76,"column":63}},"41":{"start":{"line":76,"column":30},"end":{"line":76,"column":61}},"42":{"start":{"line":79,"column":2},"end":{"line":81,"column":3}},"43":{"start":{"line":80,"column":4},"end":{"line":80,"column":61}},"44":{"start":{"line":80,"column":30},"end":{"line":80,"column":59}},"45":{"start":{"line":83,"column":2},"end":{"line":85,"column":3}},"46":{"start":{"line":84,"column":4},"end":{"line":84,"column":61}},"47":{"start":{"line":84,"column":30},"end":{"line":84,"column":59}},"48":{"start":{"line":87,"column":2},"end":{"line":89,"column":3}},"49":{"start":{"line":88,"column":4},"end":{"line":88,"column":91}},"50":{"start":{"line":88,"column":30},"end":{"line":88,"column":89}},"51":{"start":{"line":92,"column":2},"end":{"line":97,"column":3}},"52":{"start":{"line":93,"column":23},"end":{"line":93,"column":52}},"53":{"start":{"line":94,"column":4},"end":{"line":96,"column":6}},"54":{"start":{"line":95,"column":6},"end":{"line":95,"column":67}},"55":{"start":{"line":100,"column":2},"end":{"line":109,"column":3}},"56":{"start":{"line":101,"column":22},"end":{"line":101,"column":76}},"57":{"start":{"line":102,"column":20},"end":{"line":102,"column":70}},"58":{"start":{"line":104,"column":4},"end":{"line":108,"column":7}},"59":{"start":{"line":105,"column":22},"end":{"line":105,"column":45}},"60":{"start":{"line":106,"column":6},"end":{"line":107,"column":46}},"61":{"start":{"line":112,"column":2},"end":{"line":112,"column":69}},"62":{"start":{"line":112,"column":22},"end":{"line":112,"column":67}},"63":{"start":{"line":114,"column":2},"end":{"line":114,"column":14}},"64":{"start":{"line":118,"column":18},"end":{"line":120,"column":1}},"65":{"start":{"line":119,"column":2},"end":{"line":119,"column":22}},"66":{"start":{"line":122,"column":0},"end":{"line":129,"column":2}}},"fnMap":{"0":{"name":"(anonymous_0)","decl":{"start":{"line":6,"column":22},"end":{"line":6,"column":23}},"loc":{"start":{"line":6,"column":34},"end":{"line":14,"column":1}},"line":6},"1":{"name":"(anonymous_1)","decl":{"start":{"line":17,"column":21},"end":{"line":17,"column":22}},"loc":{"start":{"line":17,"column":33},"end":{"line":24,"column":1}},"line":17},"2":{"name":"(anonymous_2)","decl":{"start":{"line":27,"column":17},"end":{"line":27,"column":18}},"loc":{"start":{"line":27,"column":29},"end":{"line":36,"column":1}},"line":27},"3":{"name":"(anonymous_3)","decl":{"start":{"line":39,"column":18},"end":{"line":39,"column":19}},"loc":{"start":{"line":39,"column":34},"end":{"line":46,"column":1}},"line":39},"4":{"name":"(anonymous_4)","decl":{"start":{"line":49,"column":15},"end":{"line":49,"column":16}},"loc":{"start":{"line":49,"column":34},"end":{"line":60,"column":1}},"line":49},"5":{"name":"(anonymous_5)","decl":{"start":{"line":63,"column":18},"end":{"line":63,"column":19}},"loc":{"start":{"line":63,"column":42},"end":{"line":115,"column":1}},"line":63},"6":{"name":"(anonymous_6)","decl":{"start":{"line":68,"column":23},"end":{"line":68,"column":24}},"loc":{"start":{"line":68,"column":30},"end":{"line":68,"column":57}},"line":68},"7":{"name":"(anonymous_7)","decl":{"start":{"line":72,"column":23},"end":{"line":72,"column":24}},"loc":{"start":{"line":72,"column":30},"end":{"line":72,"column":67}},"line":72},"8":{"name":"(anonymous_8)","decl":{"start":{"line":76,"column":23},"end":{"line":76,"column":24}},"loc":{"start":{"line":76,"column":30},"end":{"line":76,"column":61}},"line":76},"9":{"name":"(anonymous_9)","decl":{"start":{"line":80,"column":23},"end":{"line":80,"column":24}},"loc":{"start":{"line":80,"column":30},"end":{"line":80,"column":59}},"line":80},"10":{"name":"(anonymous_10)","decl":{"start":{"line":84,"column":23},"end":{"line":84,"column":24}},"loc":{"start":{"line":84,"column":30},"end":{"line":84,"column":59}},"line":84},"11":{"name":"(anonymous_11)","decl":{"start":{"line":88,"column":23},"end":{"line":88,"column":24}},"loc":{"start":{"line":88,"column":30},"end":{"line":88,"column":89}},"line":88},"12":{"name":"(anonymous_12)","decl":{"start":{"line":94,"column":23},"end":{"line":94,"column":24}},"loc":{"start":{"line":95,"column":6},"end":{"line":95,"column":67}},"line":95},"13":{"name":"(anonymous_13)","decl":{"start":{"line":104,"column":23},"end":{"line":104,"column":24}},"loc":{"start":{"line":104,"column":30},"end":{"line":108,"column":5}},"line":104},"14":{"name":"(anonymous_14)","decl":{"start":{"line":112,"column":12},"end":{"line":112,"column":13}},"loc":{"start":{"line":112,"column":22},"end":{"line":112,"column":67}},"line":112},"15":{"name":"(anonymous_15)","decl":{"start":{"line":118,"column":18},"end":{"line":118,"column":19}},"loc":{"start":{"line":118,"column":30},"end":{"line":120,"column":1}},"line":118}},"branchMap":{"0":{"loc":{"start":{"line":10,"column":4},"end":{"line":12,"column":5}},"type":"if","locations":[{"start":{"line":10,"column":4},"end":{"line":12,"column":5}},{"start":{},"end":{}}],"line":10},"1":{"loc":{"start":{"line":54,"column":15},"end":{"line":54,"column":60}},"type":"binary-expr","locations":[{"start":{"line":54,"column":15},"end":{"line":54,"column":32}},{"start":{"line":54,"column":36},"end":{"line":54,"column":60}}],"line":54},"2":{"loc":{"start":{"line":55,"column":14},"end":{"line":55,"column":36}},"type":"binary-expr","locations":[{"start":{"line":55,"column":14},"end":{"line":55,"column":30}},{"start":{"line":55,"column":34},"end":{"line":55,"column":36}}],"line":55},"3":{"loc":{"start":{"line":63,"column":25},"end":{"line":63,"column":37}},"type":"default-arg","locations":[{"start":{"line":63,"column":35},"end":{"line":63,"column":37}}],"line":63},"4":{"loc":{"start":{"line":67,"column":2},"end":{"line":69,"column":3}},"type":"if","locations":[{"start":{"line":67,"column":2},"end":{"line":69,"column":3}},{"start":{},"end":{}}],"line":67},"5":{"loc":{"start":{"line":71,"column":2},"end":{"line":73,"column":3}},"type":"if","locations":[{"start":{"line":71,"column":2},"end":{"line":73,"column":3}},{"start":{},"end":{}}],"line":71},"6":{"loc":{"start":{"line":75,"column":2},"end":{"line":77,"column":3}},"type":"if","locations":[{"start":{"line":75,"column":2},"end":{"line":77,"column":3}},{"start":{},"end":{}}],"line":75},"7":{"loc":{"start":{"line":79,"column":2},"end":{"line":81,"column":3}},"type":"if","locations":[{"start":{"line":79,"column":2},"end":{"line":81,"column":3}},{"start":{},"end":{}}],"line":79},"8":{"loc":{"start":{"line":83,"column":2},"end":{"line":85,"column":3}},"type":"if","locations":[{"start":{"line":83,"column":2},"end":{"line":85,"column":3}},{"start":{},"end":{}}],"line":83},"9":{"loc":{"start":{"line":87,"column":2},"end":{"line":89,"column":3}},"type":"if","locations":[{"start":{"line":87,"column":2},"end":{"line":89,"column":3}},{"start":{},"end":{}}],"line":87},"10":{"loc":{"start":{"line":92,"column":2},"end":{"line":97,"column":3}},"type":"if","locations":[{"start":{"line":92,"column":2},"end":{"line":97,"column":3}},{"start":{},"end":{}}],"line":92},"11":{"loc":{"start":{"line":95,"column":6},"end":{"line":95,"column":67}},"type":"binary-expr","locations":[{"start":{"line":95,"column":6},"end":{"line":95,"column":17}},{"start":{"line":95,"column":21},"end":{"line":95,"column":67}}],"line":95},"12":{"loc":{"start":{"line":100,"column":2},"end":{"line":109,"column":3}},"type":"if","locations":[{"start":{"line":100,"column":2},"end":{"line":109,"column":3}},{"start":{},"end":{}}],"line":100},"13":{"loc":{"start":{"line":100,"column":6},"end":{"line":100,"column":42}},"type":"binary-expr","locations":[{"start":{"line":100,"column":6},"end":{"line":100,"column":23}},{"start":{"line":100,"column":27},"end":{"line":100,"column":42}}],"line":100},"14":{"loc":{"start":{"line":101,"column":22},"end":{"line":101,"column":76}},"type":"cond-expr","locations":[{"start":{"line":101,"column":42},"end":{"line":101,"column":69}},{"start":{"line":101,"column":72},"end":{"line":101,"column":76}}],"line":101},"15":{"loc":{"start":{"line":102,"column":20},"end":{"line":102,"column":70}},"type":"cond-expr","locations":[{"start":{"line":102,"column":38},"end":{"line":102,"column":63}},{"start":{"line":102,"column":66},"end":{"line":102,"column":70}}],"line":102},"16":{"loc":{"start":{"line":106,"column":13},"end":{"line":107,"column":45}},"type":"binary-expr","locations":[{"start":{"line":106,"column":14},"end":{"line":106,"column":24}},{"start":{"line":106,"column":28},"end":{"line":106,"column":48}},{"start":{"line":107,"column":14},"end":{"line":107,"column":22}},{"start":{"line":107,"column":26},"end":{"line":107,"column":44}}],"line":106}},"s":{"0":1,"1":1,"2":1,"3":1,"4":17,"5":17,"6":0,"7":0,"8":1,"9":17,"10":17,"11":17,"12":0,"13":1,"14":16,"15":16,"16":16,"17":16,"18":0,"19":0,"20":1,"21":6,"22":6,"23":0,"24":0,"25":1,"26":4,"27":4,"28":4,"29":4,"30":4,"31":1,"32":12,"33":12,"34":3,"35":12,"36":12,"37":3,"38":6,"39":12,"40":1,"41":4,"42":12,"43":1,"44":4,"45":12,"46":1,"47":4,"48":12,"49":1,"50":4,"51":12,"52":3,"53":3,"54":9,"55":12,"56":1,"57":1,"58":1,"59":4,"60":4,"61":12,"62":11,"63":12,"64":1,"65":2,"66":1},"f":{"0":17,"1":17,"2":16,"3":6,"4":4,"5":12,"6":12,"7":6,"8":4,"9":4,"10":4,"11":4,"12":9,"13":4,"14":11,"15":2},"b":{"0":[0,0],"1":[4,0],"2":[4,0],"3":[0],"4":[3,9],"5":[3,9],"6":[1,11],"7":[1,11],"8":[1,11],"9":[1,11],"10":[3,9],"11":[9,9],"12":[1,11],"13":[12,11],"14":[1,0],"15":[1,0],"16":[4,4,3,3]},"_coverageSchema":"1a1c01bbd47fc00a2c39e90264f33305004495a9","hash":"9cc61d439e2aaad5696b2c4e81baee09f27c61af"}
}
