TN:
SF:config/constants.js
FNF:0
FNH:0
DA:1,1
DA:11,1
DA:13,1
LF:3
LH:3
BRDA:4,0,0,0
BRDA:5,1,0,0
BRDA:6,2,0,0
BRDA:7,3,0,0
BRDA:8,4,0,0
BRDA:9,5,0,1
BRDA:10,6,0,1
BRF:7
BRH:2
end_of_record
TN:
SF:utils/fileStorage.js
FN:6,(anonymous_0)
FN:17,(anonymous_1)
FN:27,(anonymous_2)
FN:39,(anonymous_3)
FN:49,(anonymous_4)
FN:63,(anonymous_5)
FN:68,(anonymous_6)
FN:72,(anonymous_7)
FN:76,(anonymous_8)
FN:80,(anonymous_9)
FN:84,(anonymous_10)
FN:88,(anonymous_11)
FN:94,(anonymous_12)
FN:104,(anonymous_13)
FN:112,(anonymous_14)
FN:118,(anonymous_15)
FNF:16
FNH:16
FNDA:17,(anonymous_0)
FNDA:17,(anonymous_1)
FNDA:16,(anonymous_2)
FNDA:6,(anonymous_3)
FNDA:4,(anonymous_4)
FNDA:12,(anonymous_5)
FNDA:12,(anonymous_6)
FNDA:6,(anonymous_7)
FNDA:4,(anonymous_8)
FNDA:4,(anonymous_9)
FNDA:4,(anonymous_10)
FNDA:4,(anonymous_11)
FNDA:9,(anonymous_12)
FNDA:4,(anonymous_13)
FNDA:11,(anonymous_14)
FNDA:2,(anonymous_15)
DA:1,1
DA:2,1
DA:3,1
DA:6,1
DA:7,17
DA:8,17
DA:10,0
DA:11,0
DA:17,1
DA:18,17
DA:19,17
DA:20,17
DA:22,0
DA:27,1
DA:28,16
DA:29,16
DA:30,16
DA:31,16
DA:33,0
DA:34,0
DA:39,1
DA:40,6
DA:41,6
DA:43,0
DA:44,0
DA:49,1
DA:50,4
DA:51,4
DA:57,4
DA:58,4
DA:59,4
DA:63,1
DA:64,12
DA:67,12
DA:68,12
DA:71,12
DA:72,6
DA:75,12
DA:76,4
DA:79,12
DA:80,4
DA:83,12
DA:84,4
DA:87,12
DA:88,4
DA:92,12
DA:93,3
DA:94,3
DA:95,9
DA:100,12
DA:101,1
DA:102,1
DA:104,1
DA:105,4
DA:106,4
DA:112,12
DA:114,12
DA:118,1
DA:119,2
DA:122,1
LF:60
LH:53
BRDA:10,0,0,0
BRDA:10,0,1,0
BRDA:54,1,0,4
BRDA:54,1,1,0
BRDA:55,2,0,4
BRDA:55,2,1,0
BRDA:63,3,0,0
BRDA:67,4,0,3
BRDA:67,4,1,9
BRDA:71,5,0,3
BRDA:71,5,1,9
BRDA:75,6,0,1
BRDA:75,6,1,11
BRDA:79,7,0,1
BRDA:79,7,1,11
BRDA:83,8,0,1
BRDA:83,8,1,11
BRDA:87,9,0,1
BRDA:87,9,1,11
BRDA:92,10,0,3
BRDA:92,10,1,9
BRDA:95,11,0,9
BRDA:95,11,1,9
BRDA:100,12,0,1
BRDA:100,12,1,11
BRDA:100,13,0,12
BRDA:100,13,1,11
BRDA:101,14,0,1
BRDA:101,14,1,0
BRDA:102,15,0,1
BRDA:102,15,1,0
BRDA:106,16,0,4
BRDA:106,16,1,4
BRDA:106,16,2,3
BRDA:106,16,3,3
BRF:35
BRH:28
end_of_record
